[2016-11-15 07:54:31] ERROR: Form 2874 > MailChimp API error: 404 Not Found. The requested resource could not be found.
[2016-11-15 08:02:29] ERROR: Form 2874 > MailChimp API error: 404 Not Found. The requested resource could not be found.
[2016-11-15 08:35:36] ERROR: Form 2874 > MailChimp API error: 400 Bad Request. sushank.jadhav.prdxn@gmail.com has signed up to a lot of lists very recently; we're not allowing more signups for now
[2016-11-15 08:40:17] ERROR: Form 2874 > MailChimp API error: 404 Not Found. The requested resource could not be found.
[2016-11-15 08:45:16] ERROR: Form 2874 > MailChimp API error: 404 Not Found. The requested resource could not be found.
[2016-11-15 08:53:38] ERROR: Form 2874 > MailChimp API error: 400 Bad Request. sushank.jadhav.prdxn@gmail.com has signed up to a lot of lists very recently; we're not allowing more signups for now
[2016-11-22 06:59:23] ERROR: Form 2874 > MailChimp API error: 400 Bad Request. sushank.jadhav.prdxn@gmail.com has signed up to a lot of lists very recently; we're not allowing more signups for now
[2016-11-22 07:01:49] ERROR: Form 2874 > MailChimp API error: 400 Bad Request. sushank.jadhav.prdxn@gmail.com has signed up to a lot of lists very recently; we're not allowing more signups for now
[2016-11-22 07:03:02] ERROR: Form 2874 > MailChimp API error: 400 Bad Request. sushank.jadhav.prdxn@gmail.com has signed up to a lot of lists very recently; we're not allowing more signups for now
[2016-11-22 07:04:20] ERROR: Form 2874 > MailChimp API error: 400 Bad Request. sushank.jadhav.prdxn@gmail.com has signed up to a lot of lists very recently; we're not allowing more signups for now
[2016-11-22 07:05:23] ERROR: Form 2874 > MailChimp API error: 400 Bad Request. sushank.jadhav.prdxn@gmail.com has signed up to a lot of lists very recently; we're not allowing more signups for now
[2016-11-22 07:07:19] ERROR: Form 2874 > MailChimp API error: 400 Bad Request. sushank.jadhav.prdxn@gmail.com has signed up to a lot of lists very recently; we're not allowing more signups for now
[2016-11-22 07:08:53] ERROR: Form 2874 > MailChimp API error: 400 Bad Request. sushank.jadhav.prdxn@gmail.com has signed up to a lot of lists very recently; we're not allowing more signups for now
[2016-11-22 07:09:13] ERROR: Form 2874 > MailChimp API error: 400 Bad Request. sushank.jadhav.prdxn@gmail.com has signed up to a lot of lists very recently; we're not allowing more signups for now
[2016-11-22 07:10:22] ERROR: Form 2874 > MailChimp API error: 400 Bad Request. sushank.jadhav.prdxn@gmail.com has signed up to a lot of lists very recently; we're not allowing more signups for now
[2016-11-22 07:11:08] ERROR: Form 2874 > MailChimp API error: 400 Bad Request. yogesh.rathod.prdxn@gmail.com has signed up to a lot of lists very recently; we're not allowing more signups for now
[2016-11-22 07:11:28] ERROR: Form 2874 > MailChimp API error: 400 Bad Request. arti.gaur.prdxn@gmail.com has signed up to a lot of lists very recently; we're not allowing more signups for now
[2017-01-16 11:08:17] ERROR: Form 2874 > MailChimp API error: 400 Bad Request. aishwarya.mehta.prdxn@gmail.com has signed up to a lot of lists very recently; we're not allowing more signups for now
[2017-01-16 11:08:30] ERROR: Form 2874 > MailChimp API error: 400 Bad Request. aishwarya.mehta.prdxn@gmail.com has signed up to a lot of lists very recently; we're not allowing more signups for now
[2017-01-18 06:02:26] ERROR: Form 2874 > MailChimp API error: 400 Bad Request. sdsdd@gma.com has signed up to a lot of lists very recently; we're not allowing more signups for now
[2017-01-20 10:22:19] ERROR: Form 2874 > MailChimp API error: 400 Bad Request. saurabh.shirke.prdxn@gmail.com has signed up to a lot of lists very recently; we're not allowing more signups for now
